Build started 12/26/2016 9:23:32 PM.
     1>Project "C:\Users\Dmytro\documents\visual studio 2013\Projects\HashTable\HashTable\HashTable.vcxproj" on node 2 (Build target(s)).
     1>ClCompile:
         C:\Program Files (x86)\Microsoft Visual Studio 12.0\VC\bin\CL.exe /c /ZI /nologo /W3 /WX- /sdl /Od /Oy- /D WIN32 /D _DEBUG /D _CONSOLE /D _LIB /D _UNICODE /D UNICODE /Gm /EHsc /RTC1 /MDd /GS /fp:precise /Zc:wchar_t /Zc:forScope /Fo"Debug\\" /Fd"Debug\vc120.pdb" /Gd /TP /analyze- /errorReport:prompt main.cpp
         main.cpp
     1>c:\users\dmytro\documents\visual studio 2013\projects\hashtable\hashtable\hashfunctions.h(20): warning C4018: '<' : signed/unsigned mismatch
     1>c:\users\dmytro\documents\visual studio 2013\projects\hashtable\hashtable\hashfunctions.h(28): warning C4018: '<' : signed/unsigned mismatch
     1>c:\users\dmytro\documents\visual studio 2013\projects\hashtable\hashtable\hashtable.h(25): warning C4018: '<' : signed/unsigned mismatch
                 c:\users\dmytro\documents\visual studio 2013\projects\hashtable\hashtable\hashtable.h(22) : while compiling class template member function 'HashTable<std::string,double>::HashTable(const int)'
                 c:\users\dmytro\documents\visual studio 2013\projects\hashtable\hashtable\main.cpp(22) : see reference to function template instantiation 'HashTable<std::string,double>::HashTable(const int)' being compiled
                 c:\users\dmytro\documents\visual studio 2013\projects\hashtable\hashtable\main.cpp(22) : see reference to class template instantiation 'HashTable<std::string,double>' being compiled
                 c:\users\dmytro\documents\visual studio 2013\projects\hashtable\hashtable\main.cpp(11) : see reference to function template instantiation 'HashTable<std::string,double> *getFromFile<std::string,double>(const std::string &)' being compiled
     1>c:\users\dmytro\documents\visual studio 2013\projects\hashtable\hashtable\hashtable.h(78): warning C4018: '<' : signed/unsigned mismatch
                 c:\users\dmytro\documents\visual studio 2013\projects\hashtable\hashtable\hashtable.h(77) : while compiling class template member function 'void HashTable<std::string,double>::printTable(void)'
                 c:\users\dmytro\documents\visual studio 2013\projects\hashtable\hashtable\main.cpp(38) : see reference to function template instantiation 'void HashTable<std::string,double>::printTable(void)' being compiled
     1>c:\users\dmytro\documents\visual studio 2013\projects\hashtable\hashtable\hashtable.h(101): warning C4018: '<' : signed/unsigned mismatch
                 c:\users\dmytro\documents\visual studio 2013\projects\hashtable\hashtable\hashtable.h(91) : while compiling class template member function 'int HashTable<std::string,double>::emptyBucket(const key_t &)'
                 with
                 [
                     key_t=std::string
                 ]
                 c:\users\dmytro\documents\visual studio 2013\projects\hashtable\hashtable\hashtable.h(32) : see reference to function template instantiation 'int HashTable<std::string,double>::emptyBucket(const key_t &)' being compiled
                 with
                 [
                     key_t=std::string
                 ]
     1>c:\users\dmytro\documents\visual studio 2013\projects\hashtable\hashtable\hashtable.h(126): warning C4018: '<' : signed/unsigned mismatch
                 c:\users\dmytro\documents\visual studio 2013\projects\hashtable\hashtable\hashtable.h(116) : while compiling class template member function 'int HashTable<std::string,double>::equalBucket(const key_t &)'
                 with
                 [
                     key_t=std::string
                 ]
                 c:\users\dmytro\documents\visual studio 2013\projects\hashtable\hashtable\hashtable.h(50) : see reference to function template instantiation 'int HashTable<std::string,double>::equalBucket(const key_t &)' being compiled
                 with
                 [
                     key_t=std::string
                 ]
     1>c:\users\dmytro\documents\visual studio 2013\projects\hashtable\hashtable\hashtable.h(144): warning C4018: '<' : signed/unsigned mismatch
                 c:\users\dmytro\documents\visual studio 2013\projects\hashtable\hashtable\hashtable.h(140) : while compiling class template member function 'void HashTable<std::string,double>::resizeTable(void)'
                 c:\users\dmytro\documents\visual studio 2013\projects\hashtable\hashtable\hashtable.h(111) : see reference to function template instantiation 'void HashTable<std::string,double>::resizeTable(void)' being compiled
     1>c:\users\dmytro\documents\visual studio 2013\projects\hashtable\hashtable\hashtable.h(152): warning C4018: '<' : signed/unsigned mismatch
       Link:
         C:\Program Files (x86)\Microsoft Visual Studio 12.0\VC\bin\link.exe /ERRORREPORT:PROMPT /OUT:"C:\Users\Dmytro\documents\visual studio 2013\Projects\HashTable\Debug\HashTable.exe" /INCREMENTAL /NOLOGO kernel32.lib user32.lib gdi32.lib winspool.lib comdlg32.lib advapi32.lib shell32.lib ole32.lib oleaut32.lib uuid.lib odbc32.lib odbccp32.lib /MANIFEST /MANIFESTUAC:"level='asInvoker' uiAccess='false'" /manifest:embed /DEBUG /PDB:"C:\Users\Dmytro\documents\visual studio 2013\Projects\HashTable\Debug\HashTable.pdb" /SUBSYSTEM:CONSOLE /TLBID:1 /DYNAMICBASE /NXCOMPAT /IMPLIB:"C:\Users\Dmytro\documents\visual studio 2013\Projects\HashTable\Debug\HashTable.lib" /MACHINE:X86 Debug\main.obj
         HashTable.vcxproj -> C:\Users\Dmytro\documents\visual studio 2013\Projects\HashTable\Debug\HashTable.exe
     1>Done Building Project "C:\Users\Dmytro\documents\visual studio 2013\Projects\HashTable\HashTable\HashTable.vcxproj" (Build target(s)).

Build succeeded.

Time Elapsed 00:00:01.10
